<?xml version="1.0" encoding="UTF-8"?>
<testsuite xmlns:xsi="http://www.w3.org/2001/XMLSchema-instance" xsi:noNamespaceSchemaLocation="https://maven.apache.org/surefire/maven-surefire-plugin/xsd/surefire-test-report.xsd" name="TestSuite" time="23.866" tests="10" errors="0" skipped="0" failures="0">
  <properties>
[...]
</properties>
  <testcase name="enterStoreLinkTest" classname="FirstPageTest" time="0.42"/>
  <testcase name="enterStoreLinkTest" classname="FirstPageTest" time="0.249"/>
  <testcase name="returnFirstPage" classname="FirstPageTest" time="0.067"/>
  <testcase name="returnFirstPage" classname="FirstPageTest" time="0.075"/>
  <testcase name="badSearchInputTest" classname="MainPageTest" time="0.338"/>
  <testcase name="badSearchInputTest" classname="MainPageTest" time="0.273"/>
  <testcase name="goodSearchInputTest" classname="MainPageTest" time="0.319"/>
  <testcase name="goodSearchInputTest" classname="MainPageTest" time="0.567"/>
  <testcase name="signInButtonTest" classname="MainPageTest" time="0.147"/>
  <testcase name="signInButtonTest" classname="MainPageTest" time="0.154"/>
</testsuite>