<?xml version="1.0" encoding="UTF-8"?>
<testng-results ignored="0" total="10" passed="10" failed="0" skipped="0">
  <reporter-output>
  </reporter-output>
  <suite started-at="2024-01-01T22:11:13Z" name="MyTestSuite" finished-at="2024-01-01T22:11:19Z" duration-ms="5770">
    <groups>
    </groups>
    <test started-at="2024-01-01T22:11:13Z" name="FirstPageButtonTestingWithChrome" finished-at="2024-01-01T22:11:15Z" duration-ms="2180">
      <class name="FirstPageTest">
        <test-method is-config="true" signature="setupTest(java.lang.String)[pri:0, instance:FirstPageTest@78e94dcf]" started-at="2024-01-01T22:11:13Z" name="setupTest" finished-at="2024-01-01T22:11:15Z" duration-ms="1598" status="PASS">
          <params>
            <param index="0">
              <value>
                <![CDATA[chrome]]>
              </value>
            </param>
          </params>
          <reporter-output>
          </reporter-output>
        </test-method> <!-- setupTest -->
        <test-method signature="enterStoreLinkTest()[pri:0, instance:FirstPageTest@78e94dcf]" started-at="2024-01-01T22:11:15Z" name="enterStoreLinkTest" finished-at="2024-01-01T22:11:15Z" duration-ms="419" status="PASS">
          <reporter-output>
          </reporter-output>
        </test-method> <!-- enterStoreLinkTest -->
        <test-method signature="returnFirstPage()[pri:0, instance:FirstPageTest@78e94dcf]" started-at="2024-01-01T22:11:15Z" name="returnFirstPage" finished-at="2024-01-01T22:11:15Z" depends-on-methods="FirstPageTest.enterStoreLinkTest" duration-ms="68" status="PASS">
          <reporter-output>
          </reporter-output>
        </test-method> <!-- returnFirstPage -->
        <test-method is-config="true" signature="teardownTest()[pri:0, instance:FirstPageTest@78e94dcf]" started-at="2024-01-01T22:11:15Z" name="teardownTest" finished-at="2024-01-01T22:11:15Z" duration-ms="83" status="PASS">
          <reporter-output>
          </reporter-output>
        </test-method> <!-- teardownTest -->
      </class> <!-- FirstPageTest -->
    </test> <!-- FirstPageButtonTestingWithChrome -->
    <test started-at="2024-01-01T22:11:15Z" name="FirstPageButtonTestingWithFirefox" finished-at="2024-01-01T22:11:19Z" duration-ms="3574">
      <class name="FirstPageTest">
        <test-method is-config="true" signature="setupTest(java.lang.String)[pri:0, instance:FirstPageTest@6b26e945]" started-at="2024-01-01T22:11:15Z" name="setupTest" finished-at="2024-01-01T22:11:17Z" duration-ms="1557" status="PASS">
          <params>
            <param index="0">
              <value>
                <![CDATA[firefox]]>
              </value>
            </param>
          </params>
          <reporter-output>
          </reporter-output>
        </test-method> <!-- setupTest -->
        <test-method signature="enterStoreLinkTest()[pri:0, instance:FirstPageTest@6b26e945]" started-at="2024-01-01T22:11:17Z" name="enterStoreLinkTest" finished-at="2024-01-01T22:11:17Z" duration-ms="248" status="PASS">
          <reporter-output>
          </reporter-output>
        </test-method> <!-- enterStoreLinkTest -->
        <test-method signature="returnFirstPage()[pri:0, instance:FirstPageTest@6b26e945]" started-at="2024-01-01T22:11:17Z" name="returnFirstPage" finished-at="2024-01-01T22:11:17Z" depends-on-methods="FirstPageTest.enterStoreLinkTest" duration-ms="74" status="PASS">
          <reporter-output>
          </reporter-output>
        </test-method> <!-- returnFirstPage -->
        <test-method is-config="true" signature="teardownTest()[pri:0, instance:FirstPageTest@6b26e945]" started-at="2024-01-01T22:11:17Z" name="teardownTest" finished-at="2024-01-01T22:11:19Z" duration-ms="1694" status="PASS">
          <reporter-output>
          </reporter-output>
        </test-method> <!-- teardownTest -->
      </class> <!-- FirstPageTest -->
    </test> <!-- FirstPageButtonTestingWithFirefox -->
  </suite> <!-- MyTestSuite -->
  <suite started-at="2024-01-01T22:11:19Z" name="MyTestSuite (0)" finished-at="2024-01-01T22:11:37Z" duration-ms="17724">
    <groups>
    </groups>
    <test started-at="2024-01-01T22:11:19Z" name="MainPageTestingWithChrome" finished-at="2024-01-01T22:11:25Z" duration-ms="6306">
      <class name="MainPageTest">
        <test-method is-config="true" signature="setupTest(java.lang.String)[pri:0, instance:MainPageTest@419c5f1a]" started-at="2024-01-01T22:11:19Z" name="setupTest" finished-at="2024-01-01T22:11:20Z" duration-ms="977" status="PASS">
          <params>
            <param index="0">
              <value>
                <![CDATA[chrome]]>
              </value>
            </param>
          </params>
          <reporter-output>
          </reporter-output>
        </test-method> <!-- setupTest -->
        <test-method signature="badSearchInputTest()[pri:0, instance:MainPageTest@419c5f1a]" started-at="2024-01-01T22:11:20Z" name="badSearchInputTest" finished-at="2024-01-01T22:11:20Z" duration-ms="338" status="PASS">
          <reporter-output>
          </reporter-output>
        </test-method> <!-- badSearchInputTest -->
        <test-method is-config="true" signature="teardownTest()[pri:0, instance:MainPageTest@419c5f1a]" started-at="2024-01-01T22:11:20Z" name="teardownTest" finished-at="2024-01-01T22:11:20Z" duration-ms="84" status="PASS">
          <reporter-output>
          </reporter-output>
        </test-method> <!-- teardownTest -->
        <test-method is-config="true" signature="setupTest(java.lang.String)[pri:0, instance:MainPageTest@419c5f1a]" started-at="2024-01-01T22:11:20Z" name="setupTest" finished-at="2024-01-01T22:11:21Z" duration-ms="867" status="PASS">
          <params>
            <param index="0">
              <value>
                <![CDATA[chrome]]>
              </value>
            </param>
          </params>
          <reporter-output>
          </reporter-output>
        </test-method> <!-- setupTest -->
        <test-method signature="goodSearchInputTest()[pri:0, instance:MainPageTest@419c5f1a]" started-at="2024-01-01T22:11:21Z" name="goodSearchInputTest" finished-at="2024-01-01T22:11:21Z" duration-ms="319" status="PASS">
          <reporter-output>
          </reporter-output>
        </test-method> <!-- goodSearchInputTest -->
        <test-method is-config="true" signature="teardownTest()[pri:0, instance:MainPageTest@419c5f1a]" started-at="2024-01-01T22:11:21Z" name="teardownTest" finished-at="2024-01-01T22:11:22Z" duration-ms="86" status="PASS">
          <reporter-output>
          </reporter-output>
        </test-method> <!-- teardownTest -->
        <test-method is-config="true" signature="setupTest(java.lang.String)[pri:0, instance:MainPageTest@419c5f1a]" started-at="2024-01-01T22:11:22Z" name="setupTest" finished-at="2024-01-01T22:11:25Z" duration-ms="3402" status="PASS">
          <params>
            <param index="0">
              <value>
                <![CDATA[chrome]]>
              </value>
            </param>
          </params>
          <reporter-output>
          </reporter-output>
        </test-method> <!-- setupTest -->
        <test-method signature="signInButtonTest()[pri:0, instance:MainPageTest@419c5f1a]" started-at="2024-01-01T22:11:25Z" name="signInButtonTest" finished-at="2024-01-01T22:11:25Z" duration-ms="146" status="PASS">
          <reporter-output>
          </reporter-output>
        </test-method> <!-- signInButtonTest -->
        <test-method is-config="true" signature="teardownTest()[pri:0, instance:MainPageTest@419c5f1a]" started-at="2024-01-01T22:11:25Z" name="teardownTest" finished-at="2024-01-01T22:11:25Z" duration-ms="82" status="PASS">
          <reporter-output>
          </reporter-output>
        </test-method> <!-- teardownTest -->
      </class> <!-- MainPageTest -->
    </test> <!-- MainPageTestingWithChrome -->
    <test started-at="2024-01-01T22:11:25Z" name="MainPageTestingWithFirefox" finished-at="2024-01-01T22:11:37Z" duration-ms="11414">
      <class name="MainPageTest">
        <test-method is-config="true" signature="setupTest(java.lang.String)[pri:0, instance:MainPageTest@159f197]" started-at="2024-01-01T22:11:25Z" name="setupTest" finished-at="2024-01-01T22:11:27Z" duration-ms="1644" status="PASS">
          <params>
            <param index="0">
              <value>
                <![CDATA[firefox]]>
              </value>
            </param>
          </params>
          <reporter-output>
          </reporter-output>
        </test-method> <!-- setupTest -->
        <test-method signature="badSearchInputTest()[pri:0, instance:MainPageTest@159f197]" started-at="2024-01-01T22:11:27Z" name="badSearchInputTest" finished-at="2024-01-01T22:11:27Z" duration-ms="273" status="PASS">
          <reporter-output>
          </reporter-output>
        </test-method> <!-- badSearchInputTest -->
        <test-method is-config="true" signature="teardownTest()[pri:0, instance:MainPageTest@159f197]" started-at="2024-01-01T22:11:27Z" name="teardownTest" finished-at="2024-01-01T22:11:29Z" duration-ms="1709" status="PASS">
          <reporter-output>
          </reporter-output>
        </test-method> <!-- teardownTest -->
        <test-method is-config="true" signature="setupTest(java.lang.String)[pri:0, instance:MainPageTest@159f197]" started-at="2024-01-01T22:11:29Z" name="setupTest" finished-at="2024-01-01T22:11:31Z" duration-ms="2299" status="PASS">
          <params>
            <param index="0">
              <value>
                <![CDATA[firefox]]>
              </value>
            </param>
          </params>
          <reporter-output>
          </reporter-output>
        </test-method> <!-- setupTest -->
        <test-method signature="goodSearchInputTest()[pri:0, instance:MainPageTest@159f197]" started-at="2024-01-01T22:11:31Z" name="goodSearchInputTest" finished-at="2024-01-01T22:11:32Z" duration-ms="568" status="PASS">
          <reporter-output>
          </reporter-output>
        </test-method> <!-- goodSearchInputTest -->
        <test-method is-config="true" signature="teardownTest()[pri:0, instance:MainPageTest@159f197]" started-at="2024-01-01T22:11:32Z" name="teardownTest" finished-at="2024-01-01T22:11:32Z" duration-ms="849" status="PASS">
          <reporter-output>
          </reporter-output>
        </test-method> <!-- teardownTest -->
        <test-method is-config="true" signature="setupTest(java.lang.String)[pri:0, instance:MainPageTest@159f197]" started-at="2024-01-01T22:11:32Z" name="setupTest" finished-at="2024-01-01T22:11:36Z" duration-ms="3191" status="PASS">
          <params>
            <param index="0">
              <value>
                <![CDATA[firefox]]>
              </value>
            </param>
          </params>
          <reporter-output>
          </reporter-output>
        </test-method> <!-- setupTest -->
        <test-method signature="signInButtonTest()[pri:0, instance:MainPageTest@159f197]" started-at="2024-01-01T22:11:36Z" name="signInButtonTest" finished-at="2024-01-01T22:11:36Z" duration-ms="154" status="PASS">
          <reporter-output>
          </reporter-output>
        </test-method> <!-- signInButtonTest -->
        <test-method is-config="true" signature="teardownTest()[pri:0, instance:MainPageTest@159f197]" started-at="2024-01-01T22:11:36Z" name="teardownTest" finished-at="2024-01-01T22:11:37Z" duration-ms="724" status="PASS">
          <reporter-output>
          </reporter-output>
        </test-method> <!-- teardownTest -->
      </class> <!-- MainPageTest -->
    </test> <!-- MainPageTestingWithFirefox -->
  </suite> <!-- MyTestSuite (0) -->
</testng-results>
